# JRE version: Java(TM) SE Runtime Environment (21.0+35) (build 21+35-LTS-2513)
# Java VM: Java HotSpot(TM) 64-Bit Server VM (21+35-LTS-2513, mixed mode, sharing, tiered, compressed oops, compressed class ptrs, g1 gc, windows-amd64)
GC Precious Log:
 CardTable entry size: 512
 Card Set container configuration: InlinePtr #cards 5 size 8 Array Of Cards #cards 12 size 40 Howl #buckets 4 coarsen threshold 1843 Howl Bitmap #cards 512 size 80 coarsen threshold 460 Card regions per heap region 1 cards per card region 2048
 CPUs: 4 total, 4 available
 Memory: 3522M
 Large Page Support: Disabled
 NUMA Support: Disabled
 Compressed Oops: Enabled (32-bit)
 Heap Region Size: 1M
 Heap Min Capacity: 8M
 Heap Initial Capacity: 56M
 Heap Max Capacity: 882M
 Pre-touch: Disabled
 Parallel Workers: 4
 Concurrent Workers: 1
 Concurrent Refinement Workers: 4
 Periodic GC: Disabled
Heap:
 garbage-first heap   total 51200K, used 32465K [0x00000000c8e00000, 0x0000000100000000)
  region size 1024K, 20 young (20480K), 4 survivors (4096K)
 Metaspace       used 28448K, committed 28864K, reserved 1114112K
  class space    used 3744K, committed 3968K, reserved 1048576K
GC Heap History (12 events):
Event: 1.067 GC heap before
{Heap before GC invocations=0 (full 0):
 garbage-first heap   total 57344K, used 13312K [0x00000000c8e00000, 0x0000000100000000)
  region size 1024K, 13 young (13312K), 0 survivors (0K)
 Metaspace       used 1106K, committed 1280K, reserved 1114112K
  class space    used 88K, committed 192K, reserved 1048576K
}
Event: 1.078 GC heap after
{Heap after GC invocations=1 (full 0):
 garbage-first heap   total 57344K, used 1280K [0x00000000c8e00000, 0x0000000100000000)
  region size 1024K, 2 young (2048K), 2 survivors (2048K)
 Metaspace       used 1106K, committed 1280K, reserved 1114112K
  class space    used 88K, committed 192K, reserved 1048576K
}
Event: 2.823 GC heap before
{Heap before GC invocations=1 (full 0):
 garbage-first heap   total 57344K, used 20736K [0x00000000c8e00000, 0x0000000100000000)
  region size 1024K, 22 young (22528K), 2 survivors (2048K)
 Metaspace       used 6666K, committed 6912K, reserved 1114112K
  class space    used 752K, committed 896K, reserved 1048576K
}
Event: 2.834 GC heap after
{Heap after GC invocations=2 (full 0):
 garbage-first heap   total 57344K, used 5361K [0x00000000c8e00000, 0x0000000100000000)
  region size 1024K, 3 young (3072K), 3 survivors (3072K)
 Metaspace       used 6666K, committed 6912K, reserved 1114112K
  class space    used 752K, committed 896K, reserved 1048576K
}
Event: 4.116 GC heap before
{Heap before GC invocations=2 (full 0):
 garbage-first heap   total 57344K, used 30961K [0x00000000c8e00000, 0x0000000100000000)
  region size 1024K, 29 young (29696K), 3 survivors (3072K)
 Metaspace       used 11814K, committed 12160K, reserved 1114112K
  class space    used 1596K, committed 1792K, reserved 1048576K
}
Event: 4.129 GC heap after
{Heap after GC invocations=3 (full 0):
 garbage-first heap   total 57344K, used 7922K [0x00000000c8e00000, 0x0000000100000000)
  region size 1024K, 4 young (4096K), 4 survivors (4096K)
 Metaspace       used 11814K, committed 12160K, reserved 1114112K
  class space    used 1596K, committed 1792K, reserved 1048576K
}
Event: 87.294 GC heap before
{Heap before GC invocations=3 (full 0):
 garbage-first heap   total 57344K, used 38642K [0x00000000c8e00000, 0x0000000100000000)
  region size 1024K, 33 young (33792K), 4 survivors (4096K)
 Metaspace       used 17746K, committed 18112K, reserved 1114112K
  class space    used 2481K, committed 2624K, reserved 1048576K
}
Event: 87.310 GC heap after
{Heap after GC invocations=4 (full 0):
 garbage-first heap   total 57344K, used 12318K [0x00000000c8e00000, 0x0000000100000000)
  region size 1024K, 5 young (5120K), 5 survivors (5120K)
 Metaspace       used 17746K, committed 18112K, reserved 1114112K
  class space    used 2481K, committed 2624K, reserved 1048576K
}
Event: 88.089 GC heap before
{Heap before GC invocations=4 (full 0):
 garbage-first heap   total 57344K, used 16414K [0x00000000c8e00000, 0x0000000100000000)
  region size 1024K, 11 young (11264K), 5 survivors (5120K)
 Metaspace       used 21220K, committed 21504K, reserved 1114112K
  class space    used 2876K, committed 3008K, reserved 1048576K
}
Event: 88.106 GC heap after
{Heap after GC invocations=5 (full 0):
 garbage-first heap   total 57344K, used 13856K [0x00000000c8e00000, 0x0000000100000000)
  region size 1024K, 4 young (4096K), 4 survivors (4096K)
 Metaspace       used 21220K, committed 21504K, reserved 1114112K
  class space    used 2876K, committed 3008K, reserved 1048576K
}
Event: 98.085 GC heap before
{Heap before GC invocations=6 (full 0):
 garbage-first heap   total 51200K, used 40480K [0x00000000c8e00000, 0x0000000100000000)
  region size 1024K, 30 young (30720K), 4 survivors (4096K)
 Metaspace       used 26998K, committed 27328K, reserved 1114112K
  class space    used 3635K, committed 3776K, reserved 1048576K
}
Event: 98.107 GC heap after
{Heap after GC invocations=7 (full 0):
 garbage-first heap   total 51200K, used 17105K [0x00000000c8e00000, 0x0000000100000000)
  region size 1024K, 4 young (4096K), 4 survivors (4096K)
 Metaspace       used 26998K, committed 27328K, reserved 1114112K
  class space    used 3635K, committed 3776K, reserved 1048576K
}

