# JRE version: Java(TM) SE Runtime Environment (21.0+35) (build 21+35-LTS-2513)
# Java VM: Java HotSpot(TM) 64-Bit Server VM (21+35-LTS-2513, mixed mode, sharing, tiered, compressed oops, compressed class ptrs, g1 gc, windows-amd64)
GC Precious Log:
 CardTable entry size: 512
 Card Set container configuration: InlinePtr #cards 5 size 8 Array Of Cards #cards 12 size 40 Howl #buckets 4 coarsen threshold 1843 Howl Bitmap #cards 512 size 80 coarsen threshold 460 Card regions per heap region 1 cards per card region 2048
 CPUs: 4 total, 4 available
 Memory: 3522M
 Large Page Support: Disabled
 NUMA Support: Disabled
 Compressed Oops: Enabled (32-bit)
 Heap Region Size: 1M
 Heap Min Capacity: 8M
 Heap Initial Capacity: 56M
 Heap Max Capacity: 882M
 Pre-touch: Disabled
 Parallel Workers: 4
 Concurrent Workers: 1
 Concurrent Refinement Workers: 4
 Periodic GC: Disabled
Heap:
 garbage-first heap   total 48128K, used 25525K [0x00000000c8e00000, 0x0000000100000000)
  region size 1024K, 12 young (12288K), 5 survivors (5120K)
 Metaspace       used 24455K, committed 24768K, reserved 1114112K
  class space    used 3278K, committed 3456K, reserved 1048576K
GC Heap History (8 events):
Event: 1.553 GC heap before
{Heap before GC invocations=0 (full 0):
 garbage-first heap   total 57344K, used 13312K [0x00000000c8e00000, 0x0000000100000000)
  region size 1024K, 13 young (13312K), 0 survivors (0K)
 Metaspace       used 1056K, committed 1216K, reserved 1114112K
  class space    used 82K, committed 192K, reserved 1048576K
}
Event: 1.561 GC heap after
{Heap after GC invocations=1 (full 0):
 garbage-first heap   total 57344K, used 1344K [0x00000000c8e00000, 0x0000000100000000)
  region size 1024K, 2 young (2048K), 2 survivors (2048K)
 Metaspace       used 1056K, committed 1216K, reserved 1114112K
  class space    used 82K, committed 192K, reserved 1048576K
}
Event: 5.807 GC heap before
{Heap before GC invocations=1 (full 0):
 garbage-first heap   total 57344K, used 20800K [0x00000000c8e00000, 0x0000000100000000)
  region size 1024K, 22 young (22528K), 2 survivors (2048K)
 Metaspace       used 6766K, committed 6976K, reserved 1114112K
  class space    used 787K, committed 896K, reserved 1048576K
}
Event: 5.844 GC heap after
{Heap after GC invocations=2 (full 0):
 garbage-first heap   total 57344K, used 4709K [0x00000000c8e00000, 0x0000000100000000)
  region size 1024K, 3 young (3072K), 3 survivors (3072K)
 Metaspace       used 6766K, committed 6976K, reserved 1114112K
  class space    used 787K, committed 896K, reserved 1048576K
}
Event: 8.588 GC heap before
{Heap before GC invocations=2 (full 0):
 garbage-first heap   total 57344K, used 31333K [0x00000000c8e00000, 0x0000000100000000)
  region size 1024K, 30 young (30720K), 3 survivors (3072K)
 Metaspace       used 12021K, committed 12288K, reserved 1114112K
  class space    used 1649K, committed 1792K, reserved 1048576K
}
Event: 8.608 GC heap after
{Heap after GC invocations=3 (full 0):
 garbage-first heap   total 57344K, used 7739K [0x00000000c8e00000, 0x0000000100000000)
  region size 1024K, 4 young (4096K), 4 survivors (4096K)
 Metaspace       used 12021K, committed 12288K, reserved 1114112K
  class space    used 1649K, committed 1792K, reserved 1048576K
}
Event: 21.405 GC heap before
{Heap before GC invocations=3 (full 0):
 garbage-first heap   total 57344K, used 36411K [0x00000000c8e00000, 0x0000000100000000)
  region size 1024K, 32 young (32768K), 4 survivors (4096K)
 Metaspace       used 21194K, committed 21504K, reserved 1114112K
  class space    used 2887K, committed 3072K, reserved 1048576K
}
Event: 21.422 GC heap after
{Heap after GC invocations=4 (full 0):
 garbage-first heap   total 57344K, used 13237K [0x00000000c8e00000, 0x0000000100000000)
  region size 1024K, 5 young (5120K), 5 survivors (5120K)
 Metaspace       used 21194K, committed 21504K, reserved 1114112K
  class space    used 2887K, committed 3072K, reserved 1048576K
}

