# JRE version: Java(TM) SE Runtime Environment (21.0+35) (build 21+35-LTS-2513)
# Java VM: Java HotSpot(TM) 64-Bit Server VM (21+35-LTS-2513, mixed mode, sharing, tiered, compressed oops, compressed class ptrs, g1 gc, windows-amd64)
GC Precious Log:
 CardTable entry size: 512
 Card Set container configuration: InlinePtr #cards 5 size 8 Array Of Cards #cards 12 size 40 Howl #buckets 4 coarsen threshold 1843 Howl Bitmap #cards 512 size 80 coarsen threshold 460 Card regions per heap region 1 cards per card region 2048
 CPUs: 4 total, 4 available
 Memory: 3522M
 Large Page Support: Disabled
 NUMA Support: Disabled
 Compressed Oops: Enabled (32-bit)
 Heap Region Size: 1M
 Heap Min Capacity: 8M
 Heap Initial Capacity: 56M
 Heap Max Capacity: 882M
 Pre-touch: Disabled
 Parallel Workers: 4
 Concurrent Workers: 1
 Concurrent Refinement Workers: 4
 Periodic GC: Disabled
Heap:
 garbage-first heap   total 51200K, used 27644K [0x00000000c8e00000, 0x0000000100000000)
  region size 1024K, 9 young (9216K), 1 survivors (1024K)
 Metaspace       used 24611K, committed 24960K, reserved 1114112K
  class space    used 3285K, committed 3456K, reserved 1048576K
GC Heap History (10 events):
Event: 0.868 GC heap before
{Heap before GC invocations=0 (full 0):
 garbage-first heap   total 57344K, used 13312K [0x00000000c8e00000, 0x0000000100000000)
  region size 1024K, 13 young (13312K), 0 survivors (0K)
 Metaspace       used 1170K, committed 1344K, reserved 1114112K
  class space    used 91K, committed 192K, reserved 1048576K
}
Event: 0.874 GC heap after
{Heap after GC invocations=1 (full 0):
 garbage-first heap   total 57344K, used 1408K [0x00000000c8e00000, 0x0000000100000000)
  region size 1024K, 2 young (2048K), 2 survivors (2048K)
 Metaspace       used 1170K, committed 1344K, reserved 1114112K
  class space    used 91K, committed 192K, reserved 1048576K
}
Event: 2.382 GC heap before
{Heap before GC invocations=1 (full 0):
 garbage-first heap   total 57344K, used 19840K [0x00000000c8e00000, 0x0000000100000000)
  region size 1024K, 21 young (21504K), 2 survivors (2048K)
 Metaspace       used 6517K, committed 6784K, reserved 1114112K
  class space    used 738K, committed 832K, reserved 1048576K
}
Event: 2.392 GC heap after
{Heap after GC invocations=2 (full 0):
 garbage-first heap   total 57344K, used 4362K [0x00000000c8e00000, 0x0000000100000000)
  region size 1024K, 3 young (3072K), 3 survivors (3072K)
 Metaspace       used 6517K, committed 6784K, reserved 1114112K
  class space    used 738K, committed 832K, reserved 1048576K
}
Event: 3.509 GC heap before
{Heap before GC invocations=2 (full 0):
 garbage-first heap   total 57344K, used 29962K [0x00000000c8e00000, 0x0000000100000000)
  region size 1024K, 29 young (29696K), 3 survivors (3072K)
 Metaspace       used 11563K, committed 11904K, reserved 1114112K
  class space    used 1585K, committed 1728K, reserved 1048576K
}
Event: 3.519 GC heap after
{Heap after GC invocations=3 (full 0):
 garbage-first heap   total 57344K, used 7471K [0x00000000c8e00000, 0x0000000100000000)
  region size 1024K, 3 young (3072K), 3 survivors (3072K)
 Metaspace       used 11563K, committed 11904K, reserved 1114112K
  class space    used 1585K, committed 1728K, reserved 1048576K
}
Event: 18.412 GC heap before
{Heap before GC invocations=3 (full 0):
 garbage-first heap   total 57344K, used 39215K [0x00000000c8e00000, 0x0000000100000000)
  region size 1024K, 33 young (33792K), 3 survivors (3072K)
 Metaspace       used 18978K, committed 19328K, reserved 1114112K
  class space    used 2614K, committed 2752K, reserved 1048576K
}
Event: 18.428 GC heap after
{Heap after GC invocations=4 (full 0):
 garbage-first heap   total 57344K, used 13312K [0x00000000c8e00000, 0x0000000100000000)
  region size 1024K, 4 young (4096K), 4 survivors (4096K)
 Metaspace       used 18978K, committed 19328K, reserved 1114112K
  class space    used 2614K, committed 2752K, reserved 1048576K
}
Event: 18.802 GC heap before
{Heap before GC invocations=4 (full 0):
 garbage-first heap   total 57344K, used 15360K [0x00000000c8e00000, 0x0000000100000000)
  region size 1024K, 7 young (7168K), 4 survivors (4096K)
 Metaspace       used 21185K, committed 21504K, reserved 1114112K
  class space    used 2860K, committed 3008K, reserved 1048576K
}
Event: 18.812 GC heap after
{Heap after GC invocations=5 (full 0):
 garbage-first heap   total 57344K, used 14332K [0x00000000c8e00000, 0x0000000100000000)
  region size 1024K, 1 young (1024K), 1 survivors (1024K)
 Metaspace       used 21185K, committed 21504K, reserved 1114112K
  class space    used 2860K, committed 3008K, reserved 1048576K
}

