# JRE version: Java(TM) SE Runtime Environment (21.0+35) (build 21+35-LTS-2513)
# Java VM: Java HotSpot(TM) 64-Bit Server VM (21+35-LTS-2513, mixed mode, sharing, tiered, compressed oops, compressed class ptrs, g1 gc, windows-amd64)
GC Precious Log:
 CardTable entry size: 512
 Card Set container configuration: InlinePtr #cards 5 size 8 Array Of Cards #cards 12 size 40 Howl #buckets 4 coarsen threshold 1843 Howl Bitmap #cards 512 size 80 coarsen threshold 460 Card regions per heap region 1 cards per card region 2048
 CPUs: 4 total, 4 available
 Memory: 3522M
 Large Page Support: Disabled
 NUMA Support: Disabled
 Compressed Oops: Enabled (32-bit)
 Heap Region Size: 1M
 Heap Min Capacity: 8M
 Heap Initial Capacity: 56M
 Heap Max Capacity: 882M
 Pre-touch: Disabled
 Parallel Workers: 4
 Concurrent Workers: 1
 Concurrent Refinement Workers: 4
 Periodic GC: Disabled
Heap:
 garbage-first heap   total 55296K, used 27946K [0x00000000c8e00000, 0x0000000100000000)
  region size 1024K, 10 young (10240K), 2 survivors (2048K)
 Metaspace       used 24787K, committed 25088K, reserved 1114112K
  class space    used 3290K, committed 3456K, reserved 1048576K
GC Heap History (10 events):
Event: 1.156 GC heap before
{Heap before GC invocations=0 (full 0):
 garbage-first heap   total 57344K, used 13312K [0x00000000c8e00000, 0x0000000100000000)
  region size 1024K, 13 young (13312K), 0 survivors (0K)
 Metaspace       used 1042K, committed 1216K, reserved 1114112K
  class space    used 81K, committed 192K, reserved 1048576K
}
Event: 1.161 GC heap after
{Heap after GC invocations=1 (full 0):
 garbage-first heap   total 57344K, used 1280K [0x00000000c8e00000, 0x0000000100000000)
  region size 1024K, 2 young (2048K), 2 survivors (2048K)
 Metaspace       used 1042K, committed 1216K, reserved 1114112K
  class space    used 81K, committed 192K, reserved 1048576K
}
Event: 3.044 GC heap before
{Heap before GC invocations=1 (full 0):
 garbage-first heap   total 57344K, used 20736K [0x00000000c8e00000, 0x0000000100000000)
  region size 1024K, 22 young (22528K), 2 survivors (2048K)
 Metaspace       used 6687K, committed 6912K, reserved 1114112K
  class space    used 751K, committed 896K, reserved 1048576K
}
Event: 3.054 GC heap after
{Heap after GC invocations=2 (full 0):
 garbage-first heap   total 57344K, used 5014K [0x00000000c8e00000, 0x0000000100000000)
  region size 1024K, 3 young (3072K), 3 survivors (3072K)
 Metaspace       used 6687K, committed 6912K, reserved 1114112K
  class space    used 751K, committed 896K, reserved 1048576K
}
Event: 4.213 GC heap before
{Heap before GC invocations=2 (full 0):
 garbage-first heap   total 57344K, used 29590K [0x00000000c8e00000, 0x0000000100000000)
  region size 1024K, 28 young (28672K), 3 survivors (3072K)
 Metaspace       used 11615K, committed 11968K, reserved 1114112K
  class space    used 1570K, committed 1728K, reserved 1048576K
}
Event: 4.224 GC heap after
{Heap after GC invocations=3 (full 0):
 garbage-first heap   total 57344K, used 7806K [0x00000000c8e00000, 0x0000000100000000)
  region size 1024K, 3 young (3072K), 3 survivors (3072K)
 Metaspace       used 11615K, committed 11968K, reserved 1114112K
  class space    used 1570K, committed 1728K, reserved 1048576K
}
Event: 39.436 GC heap before
{Heap before GC invocations=3 (full 0):
 garbage-first heap   total 57344K, used 39550K [0x00000000c8e00000, 0x0000000100000000)
  region size 1024K, 33 young (33792K), 3 survivors (3072K)
 Metaspace       used 18347K, committed 18688K, reserved 1114112K
  class space    used 2528K, committed 2688K, reserved 1048576K
}
Event: 39.449 GC heap after
{Heap after GC invocations=4 (full 0):
 garbage-first heap   total 57344K, used 12841K [0x00000000c8e00000, 0x0000000100000000)
  region size 1024K, 5 young (5120K), 5 survivors (5120K)
 Metaspace       used 18347K, committed 18688K, reserved 1114112K
  class space    used 2528K, committed 2688K, reserved 1048576K
}
Event: 40.045 GC heap before
{Heap before GC invocations=4 (full 0):
 garbage-first heap   total 57344K, used 16937K [0x00000000c8e00000, 0x0000000100000000)
  region size 1024K, 10 young (10240K), 5 survivors (5120K)
 Metaspace       used 21210K, committed 21504K, reserved 1114112K
  class space    used 2840K, committed 3008K, reserved 1048576K
}
Event: 40.061 GC heap after
{Heap after GC invocations=5 (full 0):
 garbage-first heap   total 57344K, used 14634K [0x00000000c8e00000, 0x0000000100000000)
  region size 1024K, 2 young (2048K), 2 survivors (2048K)
 Metaspace       used 21210K, committed 21504K, reserved 1114112K
  class space    used 2840K, committed 3008K, reserved 1048576K
}

